<?xml version="1.0" encoding="UTF-8"?>
<testsuite xmlns:xsi="http://www.w3.org/2001/XMLSchema-instance" xsi:noNamespaceSchemaLocation="https://maven.apache.org/surefire/maven-surefire-plugin/xsd/surefire-test-report.xsd" name="com.example.seckill.SeckillApplicationTests" time="8.224" tests="1" errors="0" skipped="0" failures="0">
  <properties>
    <property name="sun.desktop" value="windows"/>
    <property name="awt.toolkit" value="sun.awt.windows.WToolkit"/>
    <property name="file.encoding.pkg" value="sun.io"/>
    <property name="java.specification.version" value="1.8"/>
    <property name="sun.cpu.isalist" value="amd64"/>
    <property name="sun.jnu.encoding" value="GBK"/>
    <property name="java.class.path" value="D:\源码\java\seckill\target\test-classes;D:\源码\java\seckill\target\classes;D:\apache-maven-3.6.3\repo\org\springframework\boot\spring-boot-starter-web\2.3.2.RELEASE\spring-boot-starter-web-2.3.2.RELEASE.jar;D:\apache-maven-3.6.3\repo\org\springframework\boot\spring-boot-starter\2.3.2.RELEASE\spring-boot-starter-2.3.2.RELEASE.jar;D:\apache-maven-3.6.3\repo\org\springframework\boot\spring-boot\2.3.2.RELEASE\spring-boot-2.3.2.RELEASE.jar;D:\apache-maven-3.6.3\repo\org\springframework\boot\spring-boot-autoconfigure\2.3.2.RELEASE\spring-boot-autoconfigure-2.3.2.RELEASE.jar;D:\apache-maven-3.6.3\repo\org\springframework\boot\spring-boot-starter-logging\2.3.2.RELEASE\spring-boot-starter-logging-2.3.2.RELEASE.jar;D:\apache-maven-3.6.3\repo\ch\qos\logback\logback-classic\1.2.3\logback-classic-1.2.3.jar;D:\apache-maven-3.6.3\repo\ch\qos\logback\logback-core\1.2.3\logback-core-1.2.3.jar;D:\apache-maven-3.6.3\repo\org\apache\logging\log4j\log4j-to-slf4j\2.13.3\log4j-to-slf4j-2.13.3.jar;D:\apache-maven-3.6.3\repo\org\apache\logging\log4j\log4j-api\2.13.3\log4j-api-2.13.3.jar;D:\apache-maven-3.6.3\repo\org\slf4j\jul-to-slf4j\1.7.30\jul-to-slf4j-1.7.30.jar;D:\apache-maven-3.6.3\repo\jakarta\annotation\jakarta.annotation-api\1.3.5\jakarta.annotation-api-1.3.5.jar;D:\apache-maven-3.6.3\repo\org\yaml\snakeyaml\1.26\snakeyaml-1.26.jar;D:\apache-maven-3.6.3\repo\org\springframework\boot\spring-boot-starter-json\2.3.2.RELEASE\spring-boot-starter-json-2.3.2.RELEASE.jar;D:\apache-maven-3.6.3\repo\com\fasterxml\jackson\core\jackson-databind\2.11.1\jackson-databind-2.11.1.jar;D:\apache-maven-3.6.3\repo\com\fasterxml\jackson\core\jackson-annotations\2.11.1\jackson-annotations-2.11.1.jar;D:\apache-maven-3.6.3\repo\com\fasterxml\jackson\core\jackson-core\2.11.1\jackson-core-2.11.1.jar;D:\apache-maven-3.6.3\repo\com\fasterxml\jackson\datatype\jackson-datatype-jdk8\2.11.1\jackson-datatype-jdk8-2.11.1.jar;D:\apache-maven-3.6.3\repo\com\fasterxml\jackson\datatype\jackson-datatype-jsr310\2.11.1\jackson-datatype-jsr310-2.11.1.jar;D:\apache-maven-3.6.3\repo\com\fasterxml\jackson\module\jackson-module-parameter-names\2.11.1\jackson-module-parameter-names-2.11.1.jar;D:\apache-maven-3.6.3\repo\org\springframework\boot\spring-boot-starter-tomcat\2.3.2.RELEASE\spring-boot-starter-tomcat-2.3.2.RELEASE.jar;D:\apache-maven-3.6.3\repo\org\apache\tomcat\embed\tomcat-embed-core\9.0.37\tomcat-embed-core-9.0.37.jar;D:\apache-maven-3.6.3\repo\org\glassfish\jakarta.el\3.0.3\jakarta.el-3.0.3.jar;D:\apache-maven-3.6.3\repo\org\apache\tomcat\embed\tomcat-embed-websocket\9.0.37\tomcat-embed-websocket-9.0.37.jar;D:\apache-maven-3.6.3\repo\org\springframework\spring-web\5.2.8.RELEASE\spring-web-5.2.8.RELEASE.jar;D:\apache-maven-3.6.3\repo\org\springframework\spring-beans\5.2.8.RELEASE\spring-beans-5.2.8.RELEASE.jar;D:\apache-maven-3.6.3\repo\org\springframework\spring-webmvc\5.2.8.RELEASE\spring-webmvc-5.2.8.RELEASE.jar;D:\apache-maven-3.6.3\repo\org\springframework\spring-aop\5.2.8.RELEASE\spring-aop-5.2.8.RELEASE.jar;D:\apache-maven-3.6.3\repo\org\springframework\spring-context\5.2.8.RELEASE\spring-context-5.2.8.RELEASE.jar;D:\apache-maven-3.6.3\repo\org\springframework\spring-expression\5.2.8.RELEASE\spring-expression-5.2.8.RELEASE.jar;D:\apache-maven-3.6.3\repo\mysql\mysql-connector-java\8.0.21\mysql-connector-java-8.0.21.jar;D:\apache-maven-3.6.3\repo\org\projectlombok\lombok\1.18.12\lombok-1.18.12.jar;D:\apache-maven-3.6.3\repo\org\springframework\boot\spring-boot-starter-data-redis\2.2.5.RELEASE\spring-boot-starter-data-redis-2.2.5.RELEASE.jar;D:\apache-maven-3.6.3\repo\org\springframework\data\spring-data-redis\2.3.2.RELEASE\spring-data-redis-2.3.2.RELEASE.jar;D:\apache-maven-3.6.3\repo\org\springframework\data\spring-data-keyvalue\2.3.2.RELEASE\spring-data-keyvalue-2.3.2.RELEASE.jar;D:\apache-maven-3.6.3\repo\org\springframework\data\spring-data-commons\2.3.2.RELEASE\spring-data-commons-2.3.2.RELEASE.jar;D:\apache-maven-3.6.3\repo\org\springframework\spring-tx\5.2.8.RELEASE\spring-tx-5.2.8.RELEASE.jar;D:\apache-maven-3.6.3\repo\org\springframework\spring-oxm\5.2.8.RELEASE\spring-oxm-5.2.8.RELEASE.jar;D:\apache-maven-3.6.3\repo\org\springframework\spring-context-support\5.2.8.RELEASE\spring-context-support-5.2.8.RELEASE.jar;D:\apache-maven-3.6.3\repo\org\slf4j\slf4j-api\1.7.30\slf4j-api-1.7.30.jar;D:\apache-maven-3.6.3\repo\io\lettuce\lettuce-core\5.3.2.RELEASE\lettuce-core-5.3.2.RELEASE.jar;D:\apache-maven-3.6.3\repo\io\netty\netty-common\4.1.51.Final\netty-common-4.1.51.Final.jar;D:\apache-maven-3.6.3\repo\io\netty\netty-handler\4.1.51.Final\netty-handler-4.1.51.Final.jar;D:\apache-maven-3.6.3\repo\io\netty\netty-resolver\4.1.51.Final\netty-resolver-4.1.51.Final.jar;D:\apache-maven-3.6.3\repo\io\netty\netty-buffer\4.1.51.Final\netty-buffer-4.1.51.Final.jar;D:\apache-maven-3.6.3\repo\io\netty\netty-codec\4.1.51.Final\netty-codec-4.1.51.Final.jar;D:\apache-maven-3.6.3\repo\io\netty\netty-transport\4.1.51.Final\netty-transport-4.1.51.Final.jar;D:\apache-maven-3.6.3\repo\io\projectreactor\reactor-core\3.3.8.RELEASE\reactor-core-3.3.8.RELEASE.jar;D:\apache-maven-3.6.3\repo\org\reactivestreams\reactive-streams\1.0.3\reactive-streams-1.0.3.jar;D:\apache-maven-3.6.3\repo\org\mybatis\spring\boot\mybatis-spring-boot-starter\1.3.2\mybatis-spring-boot-starter-1.3.2.jar;D:\apache-maven-3.6.3\repo\org\springframework\boot\spring-boot-starter-jdbc\2.3.2.RELEASE\spring-boot-starter-jdbc-2.3.2.RELEASE.jar;D:\apache-maven-3.6.3\repo\com\zaxxer\HikariCP\3.4.5\HikariCP-3.4.5.jar;D:\apache-maven-3.6.3\repo\org\springframework\spring-jdbc\5.2.8.RELEASE\spring-jdbc-5.2.8.RELEASE.jar;D:\apache-maven-3.6.3\repo\org\mybatis\spring\boot\mybatis-spring-boot-autoconfigure\1.3.2\mybatis-spring-boot-autoconfigure-1.3.2.jar;D:\apache-maven-3.6.3\repo\org\mybatis\mybatis\3.4.6\mybatis-3.4.6.jar;D:\apache-maven-3.6.3\repo\org\mybatis\mybatis-spring\1.3.2\mybatis-spring-1.3.2.jar;D:\apache-maven-3.6.3\repo\org\springframework\boot\spring-boot-starter-test\2.3.2.RELEASE\spring-boot-starter-test-2.3.2.RELEASE.jar;D:\apache-maven-3.6.3\repo\org\springframework\boot\spring-boot-test\2.3.2.RELEASE\spring-boot-test-2.3.2.RELEASE.jar;D:\apache-maven-3.6.3\repo\org\springframework\boot\spring-boot-test-autoconfigure\2.3.2.RELEASE\spring-boot-test-autoconfigure-2.3.2.RELEASE.jar;D:\apache-maven-3.6.3\repo\com\jayway\jsonpath\json-path\2.4.0\json-path-2.4.0.jar;D:\apache-maven-3.6.3\repo\net\minidev\json-smart\2.3\json-smart-2.3.jar;D:\apache-maven-3.6.3\repo\net\minidev\accessors-smart\1.2\accessors-smart-1.2.jar;D:\apache-maven-3.6.3\repo\org\ow2\asm\asm\5.0.4\asm-5.0.4.jar;D:\apache-maven-3.6.3\repo\jakarta\xml\bind\jakarta.xml.bind-api\2.3.3\jakarta.xml.bind-api-2.3.3.jar;D:\apache-maven-3.6.3\repo\jakarta\activation\jakarta.activation-api\1.2.2\jakarta.activation-api-1.2.2.jar;D:\apache-maven-3.6.3\repo\org\assertj\assertj-core\3.16.1\assertj-core-3.16.1.jar;D:\apache-maven-3.6.3\repo\org\hamcrest\hamcrest\2.2\hamcrest-2.2.jar;D:\apache-maven-3.6.3\repo\org\junit\jupiter\junit-jupiter\5.6.2\junit-jupiter-5.6.2.jar;D:\apache-maven-3.6.3\repo\org\junit\jupiter\junit-jupiter-api\5.6.2\junit-jupiter-api-5.6.2.jar;D:\apache-maven-3.6.3\repo\org\apiguardian\apiguardian-api\1.1.0\apiguardian-api-1.1.0.jar;D:\apache-maven-3.6.3\repo\org\opentest4j\opentest4j\1.2.0\opentest4j-1.2.0.jar;D:\apache-maven-3.6.3\repo\org\junit\platform\junit-platform-commons\1.6.2\junit-platform-commons-1.6.2.jar;D:\apache-maven-3.6.3\repo\org\junit\jupiter\junit-jupiter-params\5.6.2\junit-jupiter-params-5.6.2.jar;D:\apache-maven-3.6.3\repo\org\junit\jupiter\junit-jupiter-engine\5.6.2\junit-jupiter-engine-5.6.2.jar;D:\apache-maven-3.6.3\repo\org\junit\platform\junit-platform-engine\1.6.2\junit-platform-engine-1.6.2.jar;D:\apache-maven-3.6.3\repo\org\mockito\mockito-core\3.3.3\mockito-core-3.3.3.jar;D:\apache-maven-3.6.3\repo\net\bytebuddy\byte-buddy\1.10.13\byte-buddy-1.10.13.jar;D:\apache-maven-3.6.3\repo\net\bytebuddy\byte-buddy-agent\1.10.13\byte-buddy-agent-1.10.13.jar;D:\apache-maven-3.6.3\repo\org\objenesis\objenesis\2.6\objenesis-2.6.jar;D:\apache-maven-3.6.3\repo\org\mockito\mockito-junit-jupiter\3.3.3\mockito-junit-jupiter-3.3.3.jar;D:\apache-maven-3.6.3\repo\org\skyscreamer\jsonassert\1.5.0\jsonassert-1.5.0.jar;D:\apache-maven-3.6.3\repo\com\vaadin\external\google\android-json\0.0.20131108.vaadin1\android-json-0.0.20131108.vaadin1.jar;D:\apache-maven-3.6.3\repo\org\springframework\spring-core\5.2.8.RELEASE\spring-core-5.2.8.RELEASE.jar;D:\apache-maven-3.6.3\repo\org\springframework\spring-jcl\5.2.8.RELEASE\spring-jcl-5.2.8.RELEASE.jar;D:\apache-maven-3.6.3\repo\org\springframework\spring-test\5.2.8.RELEASE\spring-test-5.2.8.RELEASE.jar;D:\apache-maven-3.6.3\repo\org\xmlunit\xmlunit-core\2.7.0\xmlunit-core-2.7.0.jar;"/>
    <property name="java.vm.vendor" value="Oracle Corporation"/>
    <property name="sun.arch.data.model" value="64"/>
    <property name="user.variant" value=""/>
    <property name="java.vendor.url" value="http://java.oracle.com/"/>
    <property name="user.timezone" value="Asia/Shanghai"/>
    <property name="java.vm.specification.version" value="1.8"/>
    <property name="os.name" value="Windows 10"/>
    <property name="user.country" value="CN"/>
    <property name="sun.java.launcher" value="SUN_STANDARD"/>
    <property name="sun.boot.library.path" value="C:\Program Files\Java\jdk1.8.0_221\jre\bin"/>
    <property name="sun.java.command" value="C:\Users\谢杰辉\AppData\Local\Temp\surefire6121205992761161552\surefirebooter2856790069789095729.jar C:\Users\谢杰辉\AppData\Local\Temp\surefire6121205992761161552 2020-08-15T13-11-53_952-jvmRun1 surefire4435384494644676721tmp surefire_04837824154681559898tmp"/>
    <property name="surefire.test.class.path" value="D:\源码\java\seckill\target\test-classes;D:\源码\java\seckill\target\classes;D:\apache-maven-3.6.3\repo\org\springframework\boot\spring-boot-starter-web\2.3.2.RELEASE\spring-boot-starter-web-2.3.2.RELEASE.jar;D:\apache-maven-3.6.3\repo\org\springframework\boot\spring-boot-starter\2.3.2.RELEASE\spring-boot-starter-2.3.2.RELEASE.jar;D:\apache-maven-3.6.3\repo\org\springframework\boot\spring-boot\2.3.2.RELEASE\spring-boot-2.3.2.RELEASE.jar;D:\apache-maven-3.6.3\repo\org\springframework\boot\spring-boot-autoconfigure\2.3.2.RELEASE\spring-boot-autoconfigure-2.3.2.RELEASE.jar;D:\apache-maven-3.6.3\repo\org\springframework\boot\spring-boot-starter-logging\2.3.2.RELEASE\spring-boot-starter-logging-2.3.2.RELEASE.jar;D:\apache-maven-3.6.3\repo\ch\qos\logback\logback-classic\1.2.3\logback-classic-1.2.3.jar;D:\apache-maven-3.6.3\repo\ch\qos\logback\logback-core\1.2.3\logback-core-1.2.3.jar;D:\apache-maven-3.6.3\repo\org\apache\logging\log4j\log4j-to-slf4j\2.13.3\log4j-to-slf4j-2.13.3.jar;D:\apache-maven-3.6.3\repo\org\apache\logging\log4j\log4j-api\2.13.3\log4j-api-2.13.3.jar;D:\apache-maven-3.6.3\repo\org\slf4j\jul-to-slf4j\1.7.30\jul-to-slf4j-1.7.30.jar;D:\apache-maven-3.6.3\repo\jakarta\annotation\jakarta.annotation-api\1.3.5\jakarta.annotation-api-1.3.5.jar;D:\apache-maven-3.6.3\repo\org\yaml\snakeyaml\1.26\snakeyaml-1.26.jar;D:\apache-maven-3.6.3\repo\org\springframework\boot\spring-boot-starter-json\2.3.2.RELEASE\spring-boot-starter-json-2.3.2.RELEASE.jar;D:\apache-maven-3.6.3\repo\com\fasterxml\jackson\core\jackson-databind\2.11.1\jackson-databind-2.11.1.jar;D:\apache-maven-3.6.3\repo\com\fasterxml\jackson\core\jackson-annotations\2.11.1\jackson-annotations-2.11.1.jar;D:\apache-maven-3.6.3\repo\com\fasterxml\jackson\core\jackson-core\2.11.1\jackson-core-2.11.1.jar;D:\apache-maven-3.6.3\repo\com\fasterxml\jackson\datatype\jackson-datatype-jdk8\2.11.1\jackson-datatype-jdk8-2.11.1.jar;D:\apache-maven-3.6.3\repo\com\fasterxml\jackson\datatype\jackson-datatype-jsr310\2.11.1\jackson-datatype-jsr310-2.11.1.jar;D:\apache-maven-3.6.3\repo\com\fasterxml\jackson\module\jackson-module-parameter-names\2.11.1\jackson-module-parameter-names-2.11.1.jar;D:\apache-maven-3.6.3\repo\org\springframework\boot\spring-boot-starter-tomcat\2.3.2.RELEASE\spring-boot-starter-tomcat-2.3.2.RELEASE.jar;D:\apache-maven-3.6.3\repo\org\apache\tomcat\embed\tomcat-embed-core\9.0.37\tomcat-embed-core-9.0.37.jar;D:\apache-maven-3.6.3\repo\org\glassfish\jakarta.el\3.0.3\jakarta.el-3.0.3.jar;D:\apache-maven-3.6.3\repo\org\apache\tomcat\embed\tomcat-embed-websocket\9.0.37\tomcat-embed-websocket-9.0.37.jar;D:\apache-maven-3.6.3\repo\org\springframework\spring-web\5.2.8.RELEASE\spring-web-5.2.8.RELEASE.jar;D:\apache-maven-3.6.3\repo\org\springframework\spring-beans\5.2.8.RELEASE\spring-beans-5.2.8.RELEASE.jar;D:\apache-maven-3.6.3\repo\org\springframework\spring-webmvc\5.2.8.RELEASE\spring-webmvc-5.2.8.RELEASE.jar;D:\apache-maven-3.6.3\repo\org\springframework\spring-aop\5.2.8.RELEASE\spring-aop-5.2.8.RELEASE.jar;D:\apache-maven-3.6.3\repo\org\springframework\spring-context\5.2.8.RELEASE\spring-context-5.2.8.RELEASE.jar;D:\apache-maven-3.6.3\repo\org\springframework\spring-expression\5.2.8.RELEASE\spring-expression-5.2.8.RELEASE.jar;D:\apache-maven-3.6.3\repo\mysql\mysql-connector-java\8.0.21\mysql-connector-java-8.0.21.jar;D:\apache-maven-3.6.3\repo\org\projectlombok\lombok\1.18.12\lombok-1.18.12.jar;D:\apache-maven-3.6.3\repo\org\springframework\boot\spring-boot-starter-data-redis\2.2.5.RELEASE\spring-boot-starter-data-redis-2.2.5.RELEASE.jar;D:\apache-maven-3.6.3\repo\org\springframework\data\spring-data-redis\2.3.2.RELEASE\spring-data-redis-2.3.2.RELEASE.jar;D:\apache-maven-3.6.3\repo\org\springframework\data\spring-data-keyvalue\2.3.2.RELEASE\spring-data-keyvalue-2.3.2.RELEASE.jar;D:\apache-maven-3.6.3\repo\org\springframework\data\spring-data-commons\2.3.2.RELEASE\spring-data-commons-2.3.2.RELEASE.jar;D:\apache-maven-3.6.3\repo\org\springframework\spring-tx\5.2.8.RELEASE\spring-tx-5.2.8.RELEASE.jar;D:\apache-maven-3.6.3\repo\org\springframework\spring-oxm\5.2.8.RELEASE\spring-oxm-5.2.8.RELEASE.jar;D:\apache-maven-3.6.3\repo\org\springframework\spring-context-support\5.2.8.RELEASE\spring-context-support-5.2.8.RELEASE.jar;D:\apache-maven-3.6.3\repo\org\slf4j\slf4j-api\1.7.30\slf4j-api-1.7.30.jar;D:\apache-maven-3.6.3\repo\io\lettuce\lettuce-core\5.3.2.RELEASE\lettuce-core-5.3.2.RELEASE.jar;D:\apache-maven-3.6.3\repo\io\netty\netty-common\4.1.51.Final\netty-common-4.1.51.Final.jar;D:\apache-maven-3.6.3\repo\io\netty\netty-handler\4.1.51.Final\netty-handler-4.1.51.Final.jar;D:\apache-maven-3.6.3\repo\io\netty\netty-resolver\4.1.51.Final\netty-resolver-4.1.51.Final.jar;D:\apache-maven-3.6.3\repo\io\netty\netty-buffer\4.1.51.Final\netty-buffer-4.1.51.Final.jar;D:\apache-maven-3.6.3\repo\io\netty\netty-codec\4.1.51.Final\netty-codec-4.1.51.Final.jar;D:\apache-maven-3.6.3\repo\io\netty\netty-transport\4.1.51.Final\netty-transport-4.1.51.Final.jar;D:\apache-maven-3.6.3\repo\io\projectreactor\reactor-core\3.3.8.RELEASE\reactor-core-3.3.8.RELEASE.jar;D:\apache-maven-3.6.3\repo\org\reactivestreams\reactive-streams\1.0.3\reactive-streams-1.0.3.jar;D:\apache-maven-3.6.3\repo\org\mybatis\spring\boot\mybatis-spring-boot-starter\1.3.2\mybatis-spring-boot-starter-1.3.2.jar;D:\apache-maven-3.6.3\repo\org\springframework\boot\spring-boot-starter-jdbc\2.3.2.RELEASE\spring-boot-starter-jdbc-2.3.2.RELEASE.jar;D:\apache-maven-3.6.3\repo\com\zaxxer\HikariCP\3.4.5\HikariCP-3.4.5.jar;D:\apache-maven-3.6.3\repo\org\springframework\spring-jdbc\5.2.8.RELEASE\spring-jdbc-5.2.8.RELEASE.jar;D:\apache-maven-3.6.3\repo\org\mybatis\spring\boot\mybatis-spring-boot-autoconfigure\1.3.2\mybatis-spring-boot-autoconfigure-1.3.2.jar;D:\apache-maven-3.6.3\repo\org\mybatis\mybatis\3.4.6\mybatis-3.4.6.jar;D:\apache-maven-3.6.3\repo\org\mybatis\mybatis-spring\1.3.2\mybatis-spring-1.3.2.jar;D:\apache-maven-3.6.3\repo\org\springframework\boot\spring-boot-starter-test\2.3.2.RELEASE\spring-boot-starter-test-2.3.2.RELEASE.jar;D:\apache-maven-3.6.3\repo\org\springframework\boot\spring-boot-test\2.3.2.RELEASE\spring-boot-test-2.3.2.RELEASE.jar;D:\apache-maven-3.6.3\repo\org\springframework\boot\spring-boot-test-autoconfigure\2.3.2.RELEASE\spring-boot-test-autoconfigure-2.3.2.RELEASE.jar;D:\apache-maven-3.6.3\repo\com\jayway\jsonpath\json-path\2.4.0\json-path-2.4.0.jar;D:\apache-maven-3.6.3\repo\net\minidev\json-smart\2.3\json-smart-2.3.jar;D:\apache-maven-3.6.3\repo\net\minidev\accessors-smart\1.2\accessors-smart-1.2.jar;D:\apache-maven-3.6.3\repo\org\ow2\asm\asm\5.0.4\asm-5.0.4.jar;D:\apache-maven-3.6.3\repo\jakarta\xml\bind\jakarta.xml.bind-api\2.3.3\jakarta.xml.bind-api-2.3.3.jar;D:\apache-maven-3.6.3\repo\jakarta\activation\jakarta.activation-api\1.2.2\jakarta.activation-api-1.2.2.jar;D:\apache-maven-3.6.3\repo\org\assertj\assertj-core\3.16.1\assertj-core-3.16.1.jar;D:\apache-maven-3.6.3\repo\org\hamcrest\hamcrest\2.2\hamcrest-2.2.jar;D:\apache-maven-3.6.3\repo\org\junit\jupiter\junit-jupiter\5.6.2\junit-jupiter-5.6.2.jar;D:\apache-maven-3.6.3\repo\org\junit\jupiter\junit-jupiter-api\5.6.2\junit-jupiter-api-5.6.2.jar;D:\apache-maven-3.6.3\repo\org\apiguardian\apiguardian-api\1.1.0\apiguardian-api-1.1.0.jar;D:\apache-maven-3.6.3\repo\org\opentest4j\opentest4j\1.2.0\opentest4j-1.2.0.jar;D:\apache-maven-3.6.3\repo\org\junit\platform\junit-platform-commons\1.6.2\junit-platform-commons-1.6.2.jar;D:\apache-maven-3.6.3\repo\org\junit\jupiter\junit-jupiter-params\5.6.2\junit-jupiter-params-5.6.2.jar;D:\apache-maven-3.6.3\repo\org\junit\jupiter\junit-jupiter-engine\5.6.2\junit-jupiter-engine-5.6.2.jar;D:\apache-maven-3.6.3\repo\org\junit\platform\junit-platform-engine\1.6.2\junit-platform-engine-1.6.2.jar;D:\apache-maven-3.6.3\repo\org\mockito\mockito-core\3.3.3\mockito-core-3.3.3.jar;D:\apache-maven-3.6.3\repo\net\bytebuddy\byte-buddy\1.10.13\byte-buddy-1.10.13.jar;D:\apache-maven-3.6.3\repo\net\bytebuddy\byte-buddy-agent\1.10.13\byte-buddy-agent-1.10.13.jar;D:\apache-maven-3.6.3\repo\org\objenesis\objenesis\2.6\objenesis-2.6.jar;D:\apache-maven-3.6.3\repo\org\mockito\mockito-junit-jupiter\3.3.3\mockito-junit-jupiter-3.3.3.jar;D:\apache-maven-3.6.3\repo\org\skyscreamer\jsonassert\1.5.0\jsonassert-1.5.0.jar;D:\apache-maven-3.6.3\repo\com\vaadin\external\google\android-json\0.0.20131108.vaadin1\android-json-0.0.20131108.vaadin1.jar;D:\apache-maven-3.6.3\repo\org\springframework\spring-core\5.2.8.RELEASE\spring-core-5.2.8.RELEASE.jar;D:\apache-maven-3.6.3\repo\org\springframework\spring-jcl\5.2.8.RELEASE\spring-jcl-5.2.8.RELEASE.jar;D:\apache-maven-3.6.3\repo\org\springframework\spring-test\5.2.8.RELEASE\spring-test-5.2.8.RELEASE.jar;D:\apache-maven-3.6.3\repo\org\xmlunit\xmlunit-core\2.7.0\xmlunit-core-2.7.0.jar;"/>
    <property name="sun.cpu.endian" value="little"/>
    <property name="user.home" value="C:\Users\谢杰辉"/>
    <property name="user.language" value="zh"/>
    <property name="java.specification.vendor" value="Oracle Corporation"/>
    <property name="java.home" value="C:\Program Files\Java\jdk1.8.0_221\jre"/>
    <property name="basedir" value="D:\源码\java\seckill"/>
    <property name="file.separator" value="\"/>
    <property name="line.separator" value="&#10;"/>
    <property name="java.vm.specification.vendor" value="Oracle Corporation"/>
    <property name="java.specification.name" value="Java Platform API Specification"/>
    <property name="java.awt.graphicsenv" value="sun.awt.Win32GraphicsEnvironment"/>
    <property name="surefire.real.class.path" value="C:\Users\谢杰辉\AppData\Local\Temp\surefire6121205992761161552\surefirebooter2856790069789095729.jar"/>
    <property name="sun.boot.class.path" value="C:\Program Files\Java\jdk1.8.0_221\jre\lib\resources.jar;C:\Program Files\Java\jdk1.8.0_221\jre\lib\rt.jar;C:\Program Files\Java\jdk1.8.0_221\jre\lib\sunrsasign.jar;C:\Program Files\Java\jdk1.8.0_221\jre\lib\jsse.jar;C:\Program Files\Java\jdk1.8.0_221\jre\lib\jce.jar;C:\Program Files\Java\jdk1.8.0_221\jre\lib\charsets.jar;C:\Program Files\Java\jdk1.8.0_221\jre\lib\jfr.jar;C:\Program Files\Java\jdk1.8.0_221\jre\classes"/>
    <property name="user.script" value=""/>
    <property name="sun.management.compiler" value="HotSpot 64-Bit Tiered Compilers"/>
    <property name="java.runtime.version" value="1.8.0_221-b11"/>
    <property name="user.name" value="谢杰辉"/>
    <property name="path.separator" value=";"/>
    <property name="os.version" value="10.0"/>
    <property name="java.endorsed.dirs" value="C:\Program Files\Java\jdk1.8.0_221\jre\lib\endorsed"/>
    <property name="java.runtime.name" value="Java(TM) SE Runtime Environment"/>
    <property name="file.encoding" value="GBK"/>
    <property name="java.vm.name" value="Java HotSpot(TM) 64-Bit Server VM"/>
    <property name="localRepository" value="D:\apache-maven-3.6.3\repo"/>
    <property name="java.vendor.url.bug" value="http://bugreport.sun.com/bugreport/"/>
    <property name="java.io.tmpdir" value="C:\Users\谢杰辉\AppData\Local\Temp\"/>
    <property name="java.version" value="1.8.0_221"/>
    <property name="user.dir" value="D:\源码\java\seckill"/>
    <property name="os.arch" value="amd64"/>
    <property name="java.vm.specification.name" value="Java Virtual Machine Specification"/>
    <property name="java.awt.printerjob" value="sun.awt.windows.WPrinterJob"/>
    <property name="sun.os.patch.level" value=""/>
    <property name="idea.version2019.3.3" value="true"/>
    <property name="java.library.path" value="C:\Program Files\Java\jdk1.8.0_221\jre\bin;C:\Windows\Sun\Java\bin;C:\Windows\system32;C:\Windows;D:\oracle\product\11.2.0\dbhome_1\bin;D:\app\app\product\11.2.0\dbhome_1\bin;D:\app\谢杰辉\product\11.2.0\dbhome_2\bin;D:;app\谢杰辉\product\11.2.0\dbhome_1\bin;C:;Windows\System32;C:\Program Files\Java\jdk1.8.0_221\bin;C:\Program Files\Java\jdk1.8.0_221\jre\bin;C:\Windows\system32;C:\Windows;C:\Windows\System32\Wbem;C:\Windows\System32\WindowsPowerShell\v1.0\;C:\Windows\System32\OpenSSH\;D:\源码\Python\scrapyBase\myScrapy3_biqukan\venv\Scripts;\Program Files\MySQL\MySQL Server 5.5\bin;D:\apache-maven-3.6.3\bin;C:\Program Files\Git\cmd;C:\Program Files\TortoiseSVN\bin;D:\python3.7\Scripts\;D:\python3.7\;D:\Scripts\;D:\;C:\Users\谢杰辉\AppData\Local\Microsoft\WindowsApps;C:\Program Files\JetBrains\PyCharm 2019.1.3\bin;C:\Program Files\JetBrains\IntelliJ IDEA 2019.2.3\bin;C:\Program Files\Bandizip\;C:\Program Files\JetBrains\IntelliJ IDEA 2019.3.3\bin;;;."/>
    <property name="java.vm.info" value="mixed mode"/>
    <property name="java.vendor" value="Oracle Corporation"/>
    <property name="java.vm.version" value="25.221-b11"/>
    <property name="java.ext.dirs" value="C:\Program Files\Java\jdk1.8.0_221\jre\lib\ext;C:\Windows\Sun\Java\lib\ext"/>
    <property name="sun.io.unicode.encoding" value="UnicodeLittle"/>
    <property name="maven.repo.local" value="D:\apache-maven-3.6.3\repo"/>
    <property name="java.class.version" value="52.0"/>
  </properties>
  <testcase name="contextLoads" classname="com.example.seckill.SeckillApplicationTests" time="0.297"/>
</testsuite>